<?xml version="1.0" encoding="UTF-8"?>
<testsuite name="Register" tests="1" skipped="0" failures="0" errors="0" timestamp="2022-01-14T16:20:52" hostname="QV-2655" time="13.614">
  <properties/>
  <testcase name="Register successfull" classname="Register" time="13.614"/>
  <system-out><![CDATA[]]></system-out>
  <system-err><![CDATA[[Test worker] INFO io.cucumber.core.plugin.SerenityReporter - Running feature from file:///C:/Users/QV-2655/Documents/Qvsion/izyAcademy/Cursos%20a%20realizar/PASW/Caso%20de%20estudio/SolucionCasoEstudioPASW/src/test/resources/register.feature
[Test worker] WARN io.cucumber.core.plugin.SerenityReporter - Feature from file:///C:/Users/QV-2655/Documents/Qvsion/izyAcademy/Cursos%20a%20realizar/PASW/Caso%20de%20estudio/SolucionCasoEstudioPASW/src/test/resources/register.feature is not under the 'features' directory. Requirements report will not be correctly generated!
[Test worker] INFO  - 
 _____ _____ ____ _____   ____ _____  _    ____ _____ _____ ____  
|_   _| ____/ ___|_   _| / ___|_   _|/ \  |  _ \_   _| ____|  _ \ 
  | | |  _| \___ \ | |   \___ \ | | / _ \ | |_) || | |  _| | | | |
  | | | |___ ___) || |    ___) || |/ ___ \|  _ < | | | |___| |_| |
  |_| |_____|____/ |_|   |____/ |_/_/   \_\_| \_\|_| |_____|____/ 

Register successfull(register;register-successfull)
-------------------------------------------------------------------
[Test worker] INFO  - 
        __    _____ _____ ____ _____   ____   _    ____  ____  _____ ____  
  _     \ \  |_   _| ____/ ___|_   _| |  _ \ / \  / ___|/ ___|| ____|  _ \ 
 (_)_____| |   | | |  _| \___ \ | |   | |_) / _ \ \___ \\___ \|  _| | | | |
  _|_____| |   | | | |___ ___) || |   |  __/ ___ \ ___) |___) | |___| |_| |
 (_)     | |   |_| |_____|____/ |_|   |_| /_/   \_\____/|____/|_____|____/ 
        /_/                                                                

Register successfull
----------------------------------------------------------------------------
]]></system-err>
</testsuite>
